<?xml version="1.0" encoding="UTF-8"?>
<!-- Generated by org.testng.reporters.JUnitReportReporter -->
<testsuite hostname="LAPTOP-O9C2SCC5" failures="0" tests="5" name="tests.LoginTest" time="13.638" errors="0" timestamp="2026-01-26T12:19:04 WIB" skipped="0">
  <testcase classname="tests.LoginTest" name="validLogin" time="2.902"/>
  <testcase classname="tests.LoginTest" name="invalidUsernameLogin" time="2.090"/>
  <testcase classname="tests.LoginTest" name="invalidPasswordLogin" time="4.385"/>
  <testcase classname="tests.LoginTest" name="invalidLogin" time="2.008"/>
  <testcase classname="tests.LoginTest" name="blankLogin" time="2.253"/>
</testsuite> <!-- tests.LoginTest -->
