<?xml version="1.0" encoding="UTF-8"?>
<!-- Generated by org.testng.reporters.JUnitReportReporter -->
<testsuite hostname="LAPTOP-O9C2SCC5" failures="0" tests="5" name="tests.LoginTest" time="54.627" errors="0" timestamp="2026-01-21T21:15:20 WIB" skipped="0">
  <testcase classname="tests.LoginTest" name="validLogin" time="7.946"/>
  <testcase classname="tests.LoginTest" name="invalidUsernameLogin" time="12.348"/>
  <testcase classname="tests.LoginTest" name="invalidPasswordLogin" time="16.329"/>
  <testcase classname="tests.LoginTest" name="invalidLogin" time="8.708"/>
  <testcase classname="tests.LoginTest" name="blankLogin" time="9.296"/>
</testsuite> <!-- tests.LoginTest -->
