<?xml version="1.0" encoding="UTF-8"?>
<testng-results ignored="0" total="5" passed="5" failed="0" skipped="0">
  <reporter-output>
  </reporter-output>
  <suite started-at="2026-01-21T21:14:25 WIB" name="Surefire suite" finished-at="2026-01-21T21:15:20 WIB" duration-ms="55149">
    <groups>
    </groups>
    <test started-at="2026-01-21T21:14:25 WIB" name="Surefire test" finished-at="2026-01-21T21:15:20 WIB" duration-ms="55149">
      <class name="tests.LoginTest">
        <test-method is-config="true" signature="setUp()[pri:0, instance:tests.LoginTest@26e356f0]" started-at="2026-01-21T21:14:25 WIB" name="setUp" finished-at="2026-01-21T21:14:35 WIB" duration-ms="10197" status="PASS">
          <reporter-output>
          </reporter-output>
        </test-method> <!-- setUp -->
        <test-method signature="validLogin()[pri:1, instance:tests.LoginTest@26e356f0]" started-at="2026-01-21T21:14:36 WIB" name="validLogin" finished-at="2026-01-21T21:14:38 WIB" duration-ms="1910" status="PASS">
          <reporter-output>
          </reporter-output>
        </test-method> <!-- validLogin -->
        <test-method is-config="true" signature="tearDown()[pri:0, instance:tests.LoginTest@26e356f0]" started-at="2026-01-21T21:14:38 WIB" name="tearDown" finished-at="2026-01-21T21:14:42 WIB" duration-ms="4791" status="PASS">
          <reporter-output>
          </reporter-output>
        </test-method> <!-- tearDown -->
        <test-method is-config="true" signature="setUp()[pri:0, instance:tests.LoginTest@26e356f0]" started-at="2026-01-21T21:14:42 WIB" name="setUp" finished-at="2026-01-21T21:14:44 WIB" duration-ms="1702" status="PASS">
          <reporter-output>
          </reporter-output>
        </test-method> <!-- setUp -->
        <test-method signature="invalidUsernameLogin()[pri:2, instance:tests.LoginTest@26e356f0]" started-at="2026-01-21T21:14:44 WIB" name="invalidUsernameLogin" finished-at="2026-01-21T21:14:46 WIB" duration-ms="1478" status="PASS">
          <reporter-output>
          </reporter-output>
        </test-method> <!-- invalidUsernameLogin -->
        <test-method is-config="true" signature="tearDown()[pri:0, instance:tests.LoginTest@26e356f0]" started-at="2026-01-21T21:14:46 WIB" name="tearDown" finished-at="2026-01-21T21:14:50 WIB" duration-ms="4334" status="PASS">
          <reporter-output>
          </reporter-output>
        </test-method> <!-- tearDown -->
        <test-method is-config="true" signature="setUp()[pri:0, instance:tests.LoginTest@26e356f0]" started-at="2026-01-21T21:14:50 WIB" name="setUp" finished-at="2026-01-21T21:14:53 WIB" duration-ms="3011" status="PASS">
          <reporter-output>
          </reporter-output>
        </test-method> <!-- setUp -->
        <test-method signature="invalidPasswordLogin()[pri:3, instance:tests.LoginTest@26e356f0]" started-at="2026-01-21T21:14:53 WIB" name="invalidPasswordLogin" finished-at="2026-01-21T21:14:55 WIB" duration-ms="1603" status="PASS">
          <reporter-output>
          </reporter-output>
        </test-method> <!-- invalidPasswordLogin -->
        <test-method is-config="true" signature="tearDown()[pri:0, instance:tests.LoginTest@26e356f0]" started-at="2026-01-21T21:14:55 WIB" name="tearDown" finished-at="2026-01-21T21:15:00 WIB" duration-ms="5309" status="PASS">
          <reporter-output>
          </reporter-output>
        </test-method> <!-- tearDown -->
        <test-method is-config="true" signature="setUp()[pri:0, instance:tests.LoginTest@26e356f0]" started-at="2026-01-21T21:15:00 WIB" name="setUp" finished-at="2026-01-21T21:15:02 WIB" duration-ms="2550" status="PASS">
          <reporter-output>
          </reporter-output>
        </test-method> <!-- setUp -->
        <test-method signature="invalidLogin()[pri:4, instance:tests.LoginTest@26e356f0]" started-at="2026-01-21T21:15:02 WIB" name="invalidLogin" finished-at="2026-01-21T21:15:03 WIB" duration-ms="906" status="PASS">
          <reporter-output>
          </reporter-output>
        </test-method> <!-- invalidLogin -->
        <test-method is-config="true" signature="tearDown()[pri:0, instance:tests.LoginTest@26e356f0]" started-at="2026-01-21T21:15:03 WIB" name="tearDown" finished-at="2026-01-21T21:15:09 WIB" duration-ms="5439" status="PASS">
          <reporter-output>
          </reporter-output>
        </test-method> <!-- tearDown -->
        <test-method is-config="true" signature="setUp()[pri:0, instance:tests.LoginTest@26e356f0]" started-at="2026-01-21T21:15:09 WIB" name="setUp" finished-at="2026-01-21T21:15:14 WIB" duration-ms="5561" status="PASS">
          <reporter-output>
          </reporter-output>
        </test-method> <!-- setUp -->
        <test-method signature="blankLogin()[pri:5, instance:tests.LoginTest@26e356f0]" started-at="2026-01-21T21:15:14 WIB" name="blankLogin" finished-at="2026-01-21T21:15:16 WIB" duration-ms="1307" status="PASS">
          <reporter-output>
          </reporter-output>
        </test-method> <!-- blankLogin -->
        <test-method is-config="true" signature="tearDown()[pri:0, instance:tests.LoginTest@26e356f0]" started-at="2026-01-21T21:15:16 WIB" name="tearDown" finished-at="2026-01-21T21:15:20 WIB" duration-ms="4529" status="PASS">
          <reporter-output>
          </reporter-output>
        </test-method> <!-- tearDown -->
      </class> <!-- tests.LoginTest -->
    </test> <!-- Surefire test -->
  </suite> <!-- Surefire suite -->
</testng-results>
