<?xml version="1.0" encoding="UTF-8"?>
<testng-results ignored="0" total="5" passed="5" failed="0" skipped="0">
  <reporter-output>
  </reporter-output>
  <suite started-at="2026-01-26T12:18:50 WIB" name="Surefire suite" finished-at="2026-01-26T12:19:04 WIB" duration-ms="13862">
    <groups>
    </groups>
    <test started-at="2026-01-26T12:18:50 WIB" name="Surefire test" finished-at="2026-01-26T12:19:04 WIB" duration-ms="13862">
      <class name="tests.LoginTest">
        <test-method is-config="true" signature="setUp()[pri:0, instance:tests.LoginTest@26e356f0]" started-at="2026-01-26T12:18:50 WIB" name="setUp" finished-at="2026-01-26T12:18:54 WIB" duration-ms="3699" status="PASS">
          <reporter-output>
          </reporter-output>
        </test-method> <!-- setUp -->
        <test-method signature="validLogin()[pri:1, instance:tests.LoginTest@26e356f0]" started-at="2026-01-26T12:18:54 WIB" name="validLogin" finished-at="2026-01-26T12:18:55 WIB" duration-ms="496" status="PASS">
          <reporter-output>
          </reporter-output>
        </test-method> <!-- validLogin -->
        <test-method is-config="true" signature="tearDown()[pri:0, instance:tests.LoginTest@26e356f0]" started-at="2026-01-26T12:18:55 WIB" name="tearDown" finished-at="2026-01-26T12:18:55 WIB" duration-ms="327" status="PASS">
          <reporter-output>
          </reporter-output>
        </test-method> <!-- tearDown -->
        <test-method is-config="true" signature="setUp()[pri:0, instance:tests.LoginTest@26e356f0]" started-at="2026-01-26T12:18:55 WIB" name="setUp" finished-at="2026-01-26T12:18:57 WIB" duration-ms="1597" status="PASS">
          <reporter-output>
          </reporter-output>
        </test-method> <!-- setUp -->
        <test-method signature="invalidUsernameLogin()[pri:2, instance:tests.LoginTest@26e356f0]" started-at="2026-01-26T12:18:57 WIB" name="invalidUsernameLogin" finished-at="2026-01-26T12:18:57 WIB" duration-ms="407" status="PASS">
          <reporter-output>
          </reporter-output>
        </test-method> <!-- invalidUsernameLogin -->
        <test-method is-config="true" signature="tearDown()[pri:0, instance:tests.LoginTest@26e356f0]" started-at="2026-01-26T12:18:57 WIB" name="tearDown" finished-at="2026-01-26T12:18:57 WIB" duration-ms="284" status="PASS">
          <reporter-output>
          </reporter-output>
        </test-method> <!-- tearDown -->
        <test-method is-config="true" signature="setUp()[pri:0, instance:tests.LoginTest@26e356f0]" started-at="2026-01-26T12:18:57 WIB" name="setUp" finished-at="2026-01-26T12:18:59 WIB" duration-ms="1393" status="PASS">
          <reporter-output>
          </reporter-output>
        </test-method> <!-- setUp -->
        <test-method signature="invalidPasswordLogin()[pri:3, instance:tests.LoginTest@26e356f0]" started-at="2026-01-26T12:18:59 WIB" name="invalidPasswordLogin" finished-at="2026-01-26T12:18:59 WIB" duration-ms="402" status="PASS">
          <reporter-output>
          </reporter-output>
        </test-method> <!-- invalidPasswordLogin -->
        <test-method is-config="true" signature="tearDown()[pri:0, instance:tests.LoginTest@26e356f0]" started-at="2026-01-26T12:18:59 WIB" name="tearDown" finished-at="2026-01-26T12:18:59 WIB" duration-ms="204" status="PASS">
          <reporter-output>
          </reporter-output>
        </test-method> <!-- tearDown -->
        <test-method is-config="true" signature="setUp()[pri:0, instance:tests.LoginTest@26e356f0]" started-at="2026-01-26T12:18:59 WIB" name="setUp" finished-at="2026-01-26T12:19:02 WIB" duration-ms="2202" status="PASS">
          <reporter-output>
          </reporter-output>
        </test-method> <!-- setUp -->
        <test-method signature="invalidLogin()[pri:4, instance:tests.LoginTest@26e356f0]" started-at="2026-01-26T12:19:02 WIB" name="invalidLogin" finished-at="2026-01-26T12:19:02 WIB" duration-ms="399" status="PASS">
          <reporter-output>
          </reporter-output>
        </test-method> <!-- invalidLogin -->
        <test-method is-config="true" signature="tearDown()[pri:0, instance:tests.LoginTest@26e356f0]" started-at="2026-01-26T12:19:02 WIB" name="tearDown" finished-at="2026-01-26T12:19:02 WIB" duration-ms="216" status="PASS">
          <reporter-output>
          </reporter-output>
        </test-method> <!-- tearDown -->
        <test-method is-config="true" signature="setUp()[pri:0, instance:tests.LoginTest@26e356f0]" started-at="2026-01-26T12:19:02 WIB" name="setUp" finished-at="2026-01-26T12:19:04 WIB" duration-ms="1356" status="PASS">
          <reporter-output>
          </reporter-output>
        </test-method> <!-- setUp -->
        <test-method signature="blankLogin()[pri:5, instance:tests.LoginTest@26e356f0]" started-at="2026-01-26T12:19:04 WIB" name="blankLogin" finished-at="2026-01-26T12:19:04 WIB" duration-ms="329" status="PASS">
          <reporter-output>
          </reporter-output>
        </test-method> <!-- blankLogin -->
        <test-method is-config="true" signature="tearDown()[pri:0, instance:tests.LoginTest@26e356f0]" started-at="2026-01-26T12:19:04 WIB" name="tearDown" finished-at="2026-01-26T12:19:04 WIB" duration-ms="327" status="PASS">
          <reporter-output>
          </reporter-output>
        </test-method> <!-- tearDown -->
      </class> <!-- tests.LoginTest -->
    </test> <!-- Surefire test -->
  </suite> <!-- Surefire suite -->
</testng-results>
