<?xml version="1.0" encoding="UTF-8"?>
<!-- Generated by org.testng.reporters.JUnitReportReporter -->
<testsuite hostname="LAPTOP-O9C2SCC5" failures="0" tests="5" name="tests.LoginTest" time="13.362" errors="0" timestamp="2026-01-26T12:43:51 WIB" skipped="0">
  <testcase classname="tests.LoginTest" name="validLogin" time="3.382"/>
  <testcase classname="tests.LoginTest" name="invalidUsernameLogin" time="3.741"/>
  <testcase classname="tests.LoginTest" name="invalidPasswordLogin" time="2.075"/>
  <testcase classname="tests.LoginTest" name="invalidLogin" time="2.134"/>
  <testcase classname="tests.LoginTest" name="blankLogin" time="2.030"/>
</testsuite> <!-- tests.LoginTest -->
