<?xml version="1.0" encoding="UTF-8"?>
<!-- Generated by org.testng.reporters.JUnitXMLReporter -->
<testsuite ignored="0" hostname="LAPTOP-O9C2SCC5" failures="0" tests="5" name="Surefire test" time="13.612" errors="0" timestamp="2026-01-26T12:43:51 WIB">
  <testcase classname="tests.LoginTest" name="validLogin" time="1.631"/>
  <testcase classname="tests.LoginTest" name="invalidUsernameLogin" time="0.418"/>
  <testcase classname="tests.LoginTest" name="invalidPasswordLogin" time="0.364"/>
  <testcase classname="tests.LoginTest" name="invalidLogin" time="0.393"/>
  <testcase classname="tests.LoginTest" name="blankLogin" time="0.498"/>
</testsuite> <!-- Surefire test -->
