<?xml version="1.0" encoding="UTF-8"?>
<testng-results ignored="0" total="5" passed="5" failed="0" skipped="0">
  <reporter-output>
  </reporter-output>
  <suite started-at="2026-01-26T12:43:38 WIB" name="Surefire suite" finished-at="2026-01-26T12:43:51 WIB" duration-ms="13612">
    <groups>
    </groups>
    <test started-at="2026-01-26T12:43:38 WIB" name="Surefire test" finished-at="2026-01-26T12:43:51 WIB" duration-ms="13612">
      <class name="tests.LoginTest">
        <test-method is-config="true" signature="setUp()[pri:0, instance:tests.LoginTest@26e356f0]" started-at="2026-01-26T12:43:38 WIB" name="setUp" finished-at="2026-01-26T12:43:40 WIB" duration-ms="2841" status="PASS">
          <reporter-output>
          </reporter-output>
        </test-method> <!-- setUp -->
        <test-method signature="validLogin()[pri:1, instance:tests.LoginTest@26e356f0]" started-at="2026-01-26T12:43:41 WIB" name="validLogin" finished-at="2026-01-26T12:43:42 WIB" duration-ms="1631" status="PASS">
          <reporter-output>
          </reporter-output>
        </test-method> <!-- validLogin -->
        <test-method is-config="true" signature="tearDown()[pri:0, instance:tests.LoginTest@26e356f0]" started-at="2026-01-26T12:43:42 WIB" name="tearDown" finished-at="2026-01-26T12:43:43 WIB" duration-ms="482" status="PASS">
          <reporter-output>
          </reporter-output>
        </test-method> <!-- tearDown -->
        <test-method is-config="true" signature="setUp()[pri:0, instance:tests.LoginTest@26e356f0]" started-at="2026-01-26T12:43:43 WIB" name="setUp" finished-at="2026-01-26T12:43:44 WIB" duration-ms="1478" status="PASS">
          <reporter-output>
          </reporter-output>
        </test-method> <!-- setUp -->
        <test-method signature="invalidUsernameLogin()[pri:2, instance:tests.LoginTest@26e356f0]" started-at="2026-01-26T12:43:44 WIB" name="invalidUsernameLogin" finished-at="2026-01-26T12:43:45 WIB" duration-ms="418" status="PASS">
          <reporter-output>
          </reporter-output>
        </test-method> <!-- invalidUsernameLogin -->
        <test-method is-config="true" signature="tearDown()[pri:0, instance:tests.LoginTest@26e356f0]" started-at="2026-01-26T12:43:45 WIB" name="tearDown" finished-at="2026-01-26T12:43:45 WIB" duration-ms="432" status="PASS">
          <reporter-output>
          </reporter-output>
        </test-method> <!-- tearDown -->
        <test-method is-config="true" signature="setUp()[pri:0, instance:tests.LoginTest@26e356f0]" started-at="2026-01-26T12:43:45 WIB" name="setUp" finished-at="2026-01-26T12:43:47 WIB" duration-ms="1568" status="PASS">
          <reporter-output>
          </reporter-output>
        </test-method> <!-- setUp -->
        <test-method signature="invalidPasswordLogin()[pri:3, instance:tests.LoginTest@26e356f0]" started-at="2026-01-26T12:43:47 WIB" name="invalidPasswordLogin" finished-at="2026-01-26T12:43:47 WIB" duration-ms="364" status="PASS">
          <reporter-output>
          </reporter-output>
        </test-method> <!-- invalidPasswordLogin -->
        <test-method is-config="true" signature="tearDown()[pri:0, instance:tests.LoginTest@26e356f0]" started-at="2026-01-26T12:43:47 WIB" name="tearDown" finished-at="2026-01-26T12:43:47 WIB" duration-ms="263" status="PASS">
          <reporter-output>
          </reporter-output>
        </test-method> <!-- tearDown -->
        <test-method is-config="true" signature="setUp()[pri:0, instance:tests.LoginTest@26e356f0]" started-at="2026-01-26T12:43:47 WIB" name="setUp" finished-at="2026-01-26T12:43:49 WIB" duration-ms="1532" status="PASS">
          <reporter-output>
          </reporter-output>
        </test-method> <!-- setUp -->
        <test-method signature="invalidLogin()[pri:4, instance:tests.LoginTest@26e356f0]" started-at="2026-01-26T12:43:49 WIB" name="invalidLogin" finished-at="2026-01-26T12:43:49 WIB" duration-ms="393" status="PASS">
          <reporter-output>
          </reporter-output>
        </test-method> <!-- invalidLogin -->
        <test-method is-config="true" signature="tearDown()[pri:0, instance:tests.LoginTest@26e356f0]" started-at="2026-01-26T12:43:49 WIB" name="tearDown" finished-at="2026-01-26T12:43:49 WIB" duration-ms="179" status="PASS">
          <reporter-output>
          </reporter-output>
        </test-method> <!-- tearDown -->
        <test-method is-config="true" signature="setUp()[pri:0, instance:tests.LoginTest@26e356f0]" started-at="2026-01-26T12:43:49 WIB" name="setUp" finished-at="2026-01-26T12:43:51 WIB" duration-ms="1100" status="PASS">
          <reporter-output>
          </reporter-output>
        </test-method> <!-- setUp -->
        <test-method signature="blankLogin()[pri:5, instance:tests.LoginTest@26e356f0]" started-at="2026-01-26T12:43:51 WIB" name="blankLogin" finished-at="2026-01-26T12:43:51 WIB" duration-ms="498" status="PASS">
          <reporter-output>
          </reporter-output>
        </test-method> <!-- blankLogin -->
        <test-method is-config="true" signature="tearDown()[pri:0, instance:tests.LoginTest@26e356f0]" started-at="2026-01-26T12:43:51 WIB" name="tearDown" finished-at="2026-01-26T12:43:51 WIB" duration-ms="183" status="PASS">
          <reporter-output>
          </reporter-output>
        </test-method> <!-- tearDown -->
      </class> <!-- tests.LoginTest -->
    </test> <!-- Surefire test -->
  </suite> <!-- Surefire suite -->
</testng-results>
