<?xml version="1.0" encoding="UTF-8"?>
<!-- Generated by org.testng.reporters.JUnitXMLReporter -->
<testsuite ignored="0" hostname="LAPTOP-O9C2SCC5" failures="0" tests="5" name="Surefire test" time="55.149" errors="0" timestamp="2026-01-21T21:15:20 WIB">
  <testcase classname="tests.LoginTest" name="validLogin" time="1.91"/>
  <testcase classname="tests.LoginTest" name="invalidUsernameLogin" time="1.478"/>
  <testcase classname="tests.LoginTest" name="invalidPasswordLogin" time="1.603"/>
  <testcase classname="tests.LoginTest" name="invalidLogin" time="0.906"/>
  <testcase classname="tests.LoginTest" name="blankLogin" time="1.307"/>
</testsuite> <!-- Surefire test -->
